<?xml version="1.0" encoding="UTF-8"?>
<!-- Generated by org.testng.reporters.JUnitXMLReporter -->
<testsuite ignored="0" hostname="LAP02137s-MacBook-Pro.local" failures="1" tests="2" name="Make appointment" time="16.738" errors="0" timestamp="2023-12-12T11:29:12 ICT">
  <testcase classname="wikipedia.testsuites.Appointment" name="appointmentSchedule" time="7.28"/>
  <testcase classname="wikipedia.testsuites.Appointment" name="appointmentSchedule" time="7.294">
    <failure type="java.lang.NullPointerException">
      <![CDATA[java.lang.NullPointerException
at utils.Utils.takeScreenShot(Utils.java:35)
at extentReportListener.TestNGListener.onTestSuccess(TestNGListener.java:44)
at java.base/java.util.ArrayList.forEach(ArrayList.java:1541)
at java.base/java.util.concurrent.FutureTask.run(FutureTask.java:264)
at java.base/java.util.concurrent.ThreadPoolExecutor.runWorker(ThreadPoolExecutor.java:1128)
at java.base/java.util.concurrent.ThreadPoolExecutor$Worker.run(ThreadPoolExecutor.java:628)
at java.base/java.lang.Thread.run(Thread.java:834)
... Removed 14 stack frames]]>
    </failure>
  </testcase> <!-- appointmentSchedule -->
</testsuite> <!-- Make appointment -->
