<?xml version="1.0" encoding="UTF-8"?>
<testng-results ignored="0" total="2" passed="2" failed="0" skipped="0">
  <reporter-output>
  </reporter-output>
  <suite started-at="2023-12-14T15:46:55 ICT" name="Suite" finished-at="2023-12-14T15:47:00 ICT" duration-ms="5041">
    <groups>
    </groups>
    <test started-at="2023-12-14T15:46:55 ICT" name="Make appointment" finished-at="2023-12-14T15:46:59 ICT" duration-ms="4341">
      <class name="wikipedia.testsuites.Appointment">
        <test-method is-config="true" signature="initializeDriver()[pri:0, instance:wikipedia.testsuites.Appointment@1fa1cab1]" started-at="2023-12-14T15:46:55 ICT" name="initializeDriver" finished-at="2023-12-14T15:46:59 ICT" duration-ms="4207" status="PASS">
          <reporter-output>
          </reporter-output>
        </test-method> <!-- initializeDriver -->
        <test-method is-config="true" signature="tearDown()[pri:0, instance:wikipedia.testsuites.Appointment@1fa1cab1]" started-at="2023-12-14T15:46:59 ICT" name="tearDown" finished-at="2023-12-14T15:46:59 ICT" duration-ms="124" status="PASS">
          <reporter-output>
          </reporter-output>
        </test-method> <!-- tearDown -->
      </class> <!-- wikipedia.testsuites.Appointment -->
    </test> <!-- Make appointment -->
    <test started-at="2023-12-14T15:46:55 ICT" name="Validate page Wiki" finished-at="2023-12-14T15:47:00 ICT" duration-ms="5041">
      <class name="wikipedia.testsuites.ValidatePage">
        <test-method is-config="true" signature="initializeDriver()[pri:0, instance:wikipedia.testsuites.ValidatePage@6ccdb29f]" started-at="2023-12-14T15:46:55 ICT" name="initializeDriver" finished-at="2023-12-14T15:46:59 ICT" duration-ms="4204" status="PASS">
          <reporter-output>
          </reporter-output>
        </test-method> <!-- initializeDriver -->
        <test-method is-config="true" signature="beforeClass()[pri:0, instance:wikipedia.testsuites.ValidatePage@6ccdb29f]" started-at="2023-12-14T15:46:59 ICT" name="beforeClass" finished-at="2023-12-14T15:46:59 ICT" duration-ms="0" status="PASS">
          <reporter-output>
          </reporter-output>
        </test-method> <!-- beforeClass -->
        <test-method is-config="true" signature="beforeMethod()[pri:0, instance:wikipedia.testsuites.ValidatePage@6ccdb29f]" started-at="2023-12-14T15:46:59 ICT" name="beforeMethod" finished-at="2023-12-14T15:46:59 ICT" duration-ms="0" status="PASS">
          <reporter-output>
          </reporter-output>
        </test-method> <!-- beforeMethod -->
        <test-method signature="testBlankPage()[pri:0, instance:wikipedia.testsuites.ValidatePage@6ccdb29f]" started-at="2023-12-14T15:46:59 ICT" name="testBlankPage" finished-at="2023-12-14T15:46:59 ICT" duration-ms="189" status="PASS">
          <reporter-output>
          </reporter-output>
        </test-method> <!-- testBlankPage -->
        <test-method signature="testLinkWork()[pri:0, instance:wikipedia.testsuites.ValidatePage@6ccdb29f]" started-at="2023-12-14T15:46:59 ICT" name="testLinkWork" finished-at="2023-12-14T15:47:00 ICT" duration-ms="447" status="PASS">
          <reporter-output>
          </reporter-output>
        </test-method> <!-- testLinkWork -->
        <test-method is-config="true" signature="afterMethod()[pri:0, instance:wikipedia.testsuites.ValidatePage@6ccdb29f]" started-at="2023-12-14T15:46:59 ICT" name="afterMethod" finished-at="2023-12-14T15:46:59 ICT" duration-ms="0" status="PASS">
          <reporter-output>
          </reporter-output>
        </test-method> <!-- afterMethod -->
        <test-method is-config="true" signature="beforeMethod()[pri:0, instance:wikipedia.testsuites.ValidatePage@6ccdb29f]" started-at="2023-12-14T15:46:59 ICT" name="beforeMethod" finished-at="2023-12-14T15:46:59 ICT" duration-ms="0" status="PASS">
          <reporter-output>
          </reporter-output>
        </test-method> <!-- beforeMethod -->
        <test-method is-config="true" signature="afterCalss()[pri:0, instance:wikipedia.testsuites.ValidatePage@6ccdb29f]" started-at="2023-12-14T15:47:00 ICT" name="afterCalss" finished-at="2023-12-14T15:47:00 ICT" duration-ms="0" status="PASS">
          <reporter-output>
          </reporter-output>
        </test-method> <!-- afterCalss -->
        <test-method is-config="true" signature="afterMethod()[pri:0, instance:wikipedia.testsuites.ValidatePage@6ccdb29f]" started-at="2023-12-14T15:47:00 ICT" name="afterMethod" finished-at="2023-12-14T15:47:00 ICT" duration-ms="0" status="PASS">
          <reporter-output>
          </reporter-output>
        </test-method> <!-- afterMethod -->
        <test-method is-config="true" signature="tearDown()[pri:0, instance:wikipedia.testsuites.ValidatePage@6ccdb29f]" started-at="2023-12-14T15:47:00 ICT" name="tearDown" finished-at="2023-12-14T15:47:00 ICT" duration-ms="175" status="PASS">
          <reporter-output>
          </reporter-output>
        </test-method> <!-- tearDown -->
      </class> <!-- wikipedia.testsuites.ValidatePage -->
    </test> <!-- Validate page Wiki -->
  </suite> <!-- Suite -->
</testng-results>
