<?xml version="1.0" encoding="UTF-8"?>
<testng-results ignored="0" total="9" passed="7" failed="2" skipped="0">
  <reporter-output>
  </reporter-output>
  <suite started-at="2023-12-15T23:26:24 ICT" name="Suite" finished-at="2023-12-15T23:26:49 ICT" duration-ms="24839">
    <groups>
    </groups>
    <test started-at="2023-12-15T23:26:24 ICT" name="Validate page Wiki" finished-at="2023-12-15T23:26:49 ICT" duration-ms="24839">
      <class name="wikipedia.testsuites.Appointment">
        <test-method is-config="true" signature="initializeDriver(java.lang.String)[pri:0, instance:wikipedia.testsuites.Appointment@31ff43be]" started-at="2023-12-15T23:26:24 ICT" name="initializeDriver" finished-at="2023-12-15T23:26:32 ICT" duration-ms="7826" status="PASS">
          <params>
            <param index="0">
              <value>
                <![CDATA[https://tamanhhospital.vn/]]>
              </value>
            </param>
          </params>
          <reporter-output>
          </reporter-output>
        </test-method> <!-- initializeDriver -->
        <test-method is-config="true" signature="beforeClass()[pri:0, instance:wikipedia.testsuites.Appointment@31ff43be]" started-at="2023-12-15T23:26:32 ICT" name="beforeClass" finished-at="2023-12-15T23:26:32 ICT" duration-ms="1" status="PASS">
          <reporter-output>
          </reporter-output>
        </test-method> <!-- beforeClass -->
        <test-method signature="appointmentSchedule()[pri:2, instance:wikipedia.testsuites.Appointment@31ff43be]" started-at="2023-12-15T23:26:32 ICT" name="appointmentSchedule" finished-at="2023-12-15T23:26:39 ICT" duration-ms="6701" status="FAIL">
          <exception class="org.openqa.selenium.NoSuchElementException">
            <message>
              <![CDATA[no such element: Unable to locate element: {"method":"xpath","selector":"//div[@class='gia-scheduler__shifts']//following-sibling::button/span/span/strong"}
  (Session info: chrome=120.0.6099.109)
For documentation on this error, please visit: https://www.selenium.dev/documentation/webdriver/troubleshooting/errors#no-such-element-exception
Build info: version: '4.15.0', revision: '1d14b5521b'
System info: os.name: 'Mac OS X', os.arch: 'aarch64', os.version: '13.5', java.version: '11.0.20'
Driver info: org.openqa.selenium.chrome.ChromeDriver
Command: [8751be51fd3de4c5f165e5cc7b8897a7, findElement {using=xpath, value=//div[@class='gia-scheduler__shifts']//following-sibling::button/span/span/strong}]
Capabilities {acceptInsecureCerts: false, browserName: chrome, browserVersion: 120.0.6099.109, chrome: {chromedriverVersion: 120.0.6099.71 (9729082fe617..., userDataDir: /var/folders/sj/spty4b2s0vn...}, fedcm:accounts: true, goog:chromeOptions: {debuggerAddress: localhost:53906}, networkConnectionEnabled: false, pageLoadStrategy: normal, platformName: mac, proxy: Proxy(), se:cdp: ws://localhost:53906/devtoo..., se:cdpVersion: 120.0.6099.109, setWindowRect: true, strictFileInteractability: false, timeouts: {implicit: 0, pageLoad: 300000, script: 30000}, unhandledPromptBehavior: dismiss and notify, webauthn:extension:credBlob: true, webauthn:extension:largeBlob: true, webauthn:extension:minPinLength: true, webauthn:extension:prf: true, webauthn:virtualAuthenticators: true}
Session ID: 8751be51fd3de4c5f165e5cc7b8897a7]]>
            </message>
            <full-stacktrace>
              <![CDATA[org.openqa.selenium.NoSuchElementException: no such element: Unable to locate element: {"method":"xpath","selector":"//div[@class='gia-scheduler__shifts']//following-sibling::button/span/span/strong"}
  (Session info: chrome=120.0.6099.109)
For documentation on this error, please visit: https://www.selenium.dev/documentation/webdriver/troubleshooting/errors#no-such-element-exception
Build info: version: '4.15.0', revision: '1d14b5521b'
System info: os.name: 'Mac OS X', os.arch: 'aarch64', os.version: '13.5', java.version: '11.0.20'
Driver info: org.openqa.selenium.chrome.ChromeDriver
Command: [8751be51fd3de4c5f165e5cc7b8897a7, findElement {using=xpath, value=//div[@class='gia-scheduler__shifts']//following-sibling::button/span/span/strong}]
Capabilities {acceptInsecureCerts: false, browserName: chrome, browserVersion: 120.0.6099.109, chrome: {chromedriverVersion: 120.0.6099.71 (9729082fe617..., userDataDir: /var/folders/sj/spty4b2s0vn...}, fedcm:accounts: true, goog:chromeOptions: {debuggerAddress: localhost:53906}, networkConnectionEnabled: false, pageLoadStrategy: normal, platformName: mac, proxy: Proxy(), se:cdp: ws://localhost:53906/devtoo..., se:cdpVersion: 120.0.6099.109, setWindowRect: true, strictFileInteractability: false, timeouts: {implicit: 0, pageLoad: 300000, script: 30000}, unhandledPromptBehavior: dismiss and notify, webauthn:extension:credBlob: true, webauthn:extension:largeBlob: true, webauthn:extension:minPinLength: true, webauthn:extension:prf: true, webauthn:virtualAuthenticators: true}
Session ID: 8751be51fd3de4c5f165e5cc7b8897a7
at java.base/jdk.internal.reflect.NativeConstructorAccessorImpl.newInstance0(Native Method)
at java.base/jdk.internal.reflect.NativeConstructorAccessorImpl.newInstance(NativeConstructorAccessorImpl.java:62)
at java.base/jdk.internal.reflect.DelegatingConstructorAccessorImpl.newInstance(DelegatingConstructorAccessorImpl.java:45)
at java.base/java.lang.reflect.Constructor.newInstance(Constructor.java:490)
at org.openqa.selenium.remote.codec.w3c.W3CHttpResponseCodec.createException(W3CHttpResponseCodec.java:200)
at org.openqa.selenium.remote.codec.w3c.W3CHttpResponseCodec.decode(W3CHttpResponseCodec.java:133)
at org.openqa.selenium.remote.codec.w3c.W3CHttpResponseCodec.decode(W3CHttpResponseCodec.java:52)
at org.openqa.selenium.remote.HttpCommandExecutor.execute(HttpCommandExecutor.java:191)
at org.openqa.selenium.remote.service.DriverCommandExecutor.invokeExecute(DriverCommandExecutor.java:200)
at org.openqa.selenium.remote.service.DriverCommandExecutor.execute(DriverCommandExecutor.java:175)
at org.openqa.selenium.remote.RemoteWebDriver.execute(RemoteWebDriver.java:607)
at org.openqa.selenium.remote.ElementLocation$ElementFinder$2.findElement(ElementLocation.java:165)
at org.openqa.selenium.remote.ElementLocation.findElement(ElementLocation.java:59)
at org.openqa.selenium.remote.RemoteWebDriver.findElement(RemoteWebDriver.java:364)
at org.openqa.selenium.remote.RemoteWebDriver.findElement(RemoteWebDriver.java:358)
at pages.Lich.chonGioKham(Lich.java:50)
at wikipedia.testsuites.Appointment.appointmentSchedule(Appointment.java:56)
at java.base/jdk.internal.reflect.NativeMethodAccessorImpl.invoke0(Native Method)
at java.base/jdk.internal.reflect.NativeMethodAccessorImpl.invoke(NativeMethodAccessorImpl.java:62)
at java.base/jdk.internal.reflect.DelegatingMethodAccessorImpl.invoke(DelegatingMethodAccessorImpl.java:43)
at java.base/java.lang.reflect.Method.invoke(Method.java:566)
at org.testng.internal.invokers.MethodInvocationHelper.invokeMethod(MethodInvocationHelper.java:139)
at org.testng.internal.invokers.TestInvoker.invokeMethod(TestInvoker.java:664)
at org.testng.internal.invokers.TestInvoker.invokeTestMethod(TestInvoker.java:227)
at org.testng.internal.invokers.MethodRunner.runInSequence(MethodRunner.java:50)
at org.testng.internal.invokers.TestInvoker$MethodInvocationAgent.invoke(TestInvoker.java:957)
at org.testng.internal.invokers.TestInvoker.invokeTestMethods(TestInvoker.java:200)
at org.testng.internal.invokers.TestMethodWorker.invokeTestMethods(TestMethodWorker.java:148)
at org.testng.internal.invokers.TestMethodWorker.run(TestMethodWorker.java:128)
at java.base/java.util.ArrayList.forEach(ArrayList.java:1541)
at org.testng.TestRunner.privateRun(TestRunner.java:848)
at org.testng.TestRunner.run(TestRunner.java:621)
at org.testng.SuiteRunner.runTest(SuiteRunner.java:443)
at org.testng.SuiteRunner$SuiteWorker.run(SuiteRunner.java:481)
at org.testng.internal.thread.ThreadUtil.lambda$execute$0(ThreadUtil.java:58)
at java.base/java.util.concurrent.FutureTask.run(FutureTask.java:264)
at java.base/java.util.concurrent.ThreadPoolExecutor.runWorker(ThreadPoolExecutor.java:1128)
at java.base/java.util.concurrent.ThreadPoolExecutor$Worker.run(ThreadPoolExecutor.java:628)
at java.base/java.lang.Thread.run(Thread.java:834)
]]>
            </full-stacktrace>
          </exception> <!-- org.openqa.selenium.NoSuchElementException -->
          <reporter-output>
          </reporter-output>
        </test-method> <!-- appointmentSchedule -->
        <test-method is-config="true" signature="beforeMethod()[pri:0, instance:wikipedia.testsuites.Appointment@31ff43be]" started-at="2023-12-15T23:26:32 ICT" name="beforeMethod" finished-at="2023-12-15T23:26:32 ICT" duration-ms="0" status="PASS">
          <reporter-output>
          </reporter-output>
        </test-method> <!-- beforeMethod -->
        <test-method is-config="true" signature="afterMethod()[pri:0, instance:wikipedia.testsuites.Appointment@31ff43be]" started-at="2023-12-15T23:26:39 ICT" name="afterMethod" finished-at="2023-12-15T23:26:39 ICT" duration-ms="1" status="PASS">
          <reporter-output>
          </reporter-output>
        </test-method> <!-- afterMethod -->
        <test-method signature="testDataProvider(java.lang.String,java.lang.String)[pri:2, instance:wikipedia.testsuites.Appointment@31ff43be]" started-at="2023-12-15T23:26:39 ICT" name="testDataProvider" data-provider="chuyen khoa" finished-at="2023-12-15T23:26:49 ICT" duration-ms="9906" status="PASS">
          <params>
            <param index="0">
              <value>
                <![CDATA[Chuyên khoa Nhi]]>
              </value>
            </param>
            <param index="1">
              <value>
                <![CDATA[PGS.TS.BS. Nguyễn Thị Yến]]>
              </value>
            </param>
          </params>
          <reporter-output>
          </reporter-output>
        </test-method> <!-- testDataProvider -->
        <test-method is-config="true" signature="beforeMethod()[pri:0, instance:wikipedia.testsuites.Appointment@31ff43be]" started-at="2023-12-15T23:26:39 ICT" name="beforeMethod" finished-at="2023-12-15T23:26:39 ICT" duration-ms="0" status="PASS">
          <reporter-output>
          </reporter-output>
        </test-method> <!-- beforeMethod -->
        <test-method is-config="true" signature="afterMethod()[pri:0, instance:wikipedia.testsuites.Appointment@31ff43be]" started-at="2023-12-15T23:26:49 ICT" name="afterMethod" finished-at="2023-12-15T23:26:49 ICT" duration-ms="0" status="PASS">
          <reporter-output>
          </reporter-output>
        </test-method> <!-- afterMethod -->
        <test-method is-config="true" signature="afterCalss()[pri:0, instance:wikipedia.testsuites.Appointment@31ff43be]" started-at="2023-12-15T23:26:49 ICT" name="afterCalss" finished-at="2023-12-15T23:26:49 ICT" duration-ms="0" status="PASS">
          <reporter-output>
          </reporter-output>
        </test-method> <!-- afterCalss -->
        <test-method is-config="true" signature="tearDown()[pri:0, instance:wikipedia.testsuites.Appointment@31ff43be]" started-at="2023-12-15T23:26:49 ICT" name="tearDown" finished-at="2023-12-15T23:26:49 ICT" duration-ms="129" status="PASS">
          <reporter-output>
          </reporter-output>
        </test-method> <!-- tearDown -->
      </class> <!-- wikipedia.testsuites.Appointment -->
    </test> <!-- Validate page Wiki -->
  </suite> <!-- Suite -->
  <suite started-at="2023-12-15T23:26:49 ICT" name="Suite 2" finished-at="2023-12-15T23:27:22 ICT" duration-ms="32453">
    <groups>
    </groups>
    <test started-at="2023-12-15T23:26:49 ICT" name="Practice Auto in AT.in" finished-at="2023-12-15T23:27:22 ICT" duration-ms="32453">
      <class name="wikipedia.testsuites.PracticeTest">
        <test-method is-config="true" signature="initializeDriver(java.lang.String)[pri:0, instance:wikipedia.testsuites.PracticeTest@1e461e41]" started-at="2023-12-15T23:26:49 ICT" name="initializeDriver" finished-at="2023-12-15T23:26:53 ICT" duration-ms="4038" status="PASS">
          <params>
            <param index="0">
              <value>
                <![CDATA[https://practice.automationtesting.in/]]>
              </value>
            </param>
          </params>
          <reporter-output>
          </reporter-output>
        </test-method> <!-- initializeDriver -->
        <test-method is-config="true" signature="beforeClass()[pri:0, instance:wikipedia.testsuites.PracticeTest@1e461e41]" started-at="2023-12-15T23:26:53 ICT" name="beforeClass" finished-at="2023-12-15T23:26:53 ICT" duration-ms="0" status="PASS">
          <reporter-output>
          </reporter-output>
        </test-method> <!-- beforeClass -->
        <test-method signature="add_Product_To_Cart()[pri:0, instance:wikipedia.testsuites.PracticeTest@1e461e41]" started-at="2023-12-15T23:26:53 ICT" name="add_Product_To_Cart" finished-at="2023-12-15T23:26:54 ICT" duration-ms="335" status="FAIL">
          <exception class="org.openqa.selenium.NoSuchElementException">
            <message>
              <![CDATA[no such element: Unable to locate element: {"method":"xpath","selector":"//button[@type="submit"]"}
  (Session info: chrome=120.0.6099.109)
For documentation on this error, please visit: https://www.selenium.dev/documentation/webdriver/troubleshooting/errors#no-such-element-exception
Build info: version: '4.15.0', revision: '1d14b5521b'
System info: os.name: 'Mac OS X', os.arch: 'aarch64', os.version: '13.5', java.version: '11.0.20'
Driver info: org.openqa.selenium.chrome.ChromeDriver
Command: [6d15f329325a52be629170ef37d7bc18, findElement {using=xpath, value=//button[@type="submit"]}]
Capabilities {acceptInsecureCerts: false, browserName: chrome, browserVersion: 120.0.6099.109, chrome: {chromedriverVersion: 120.0.6099.71 (9729082fe617..., userDataDir: /var/folders/sj/spty4b2s0vn...}, fedcm:accounts: true, goog:chromeOptions: {debuggerAddress: localhost:54096}, networkConnectionEnabled: false, pageLoadStrategy: normal, platformName: mac, proxy: Proxy(), se:cdp: ws://localhost:54096/devtoo..., se:cdpVersion: 120.0.6099.109, setWindowRect: true, strictFileInteractability: false, timeouts: {implicit: 0, pageLoad: 300000, script: 30000}, unhandledPromptBehavior: dismiss and notify, webauthn:extension:credBlob: true, webauthn:extension:largeBlob: true, webauthn:extension:minPinLength: true, webauthn:extension:prf: true, webauthn:virtualAuthenticators: true}
Session ID: 6d15f329325a52be629170ef37d7bc18]]>
            </message>
            <full-stacktrace>
              <![CDATA[org.openqa.selenium.NoSuchElementException: no such element: Unable to locate element: {"method":"xpath","selector":"//button[@type="submit"]"}
  (Session info: chrome=120.0.6099.109)
For documentation on this error, please visit: https://www.selenium.dev/documentation/webdriver/troubleshooting/errors#no-such-element-exception
Build info: version: '4.15.0', revision: '1d14b5521b'
System info: os.name: 'Mac OS X', os.arch: 'aarch64', os.version: '13.5', java.version: '11.0.20'
Driver info: org.openqa.selenium.chrome.ChromeDriver
Command: [6d15f329325a52be629170ef37d7bc18, findElement {using=xpath, value=//button[@type="submit"]}]
Capabilities {acceptInsecureCerts: false, browserName: chrome, browserVersion: 120.0.6099.109, chrome: {chromedriverVersion: 120.0.6099.71 (9729082fe617..., userDataDir: /var/folders/sj/spty4b2s0vn...}, fedcm:accounts: true, goog:chromeOptions: {debuggerAddress: localhost:54096}, networkConnectionEnabled: false, pageLoadStrategy: normal, platformName: mac, proxy: Proxy(), se:cdp: ws://localhost:54096/devtoo..., se:cdpVersion: 120.0.6099.109, setWindowRect: true, strictFileInteractability: false, timeouts: {implicit: 0, pageLoad: 300000, script: 30000}, unhandledPromptBehavior: dismiss and notify, webauthn:extension:credBlob: true, webauthn:extension:largeBlob: true, webauthn:extension:minPinLength: true, webauthn:extension:prf: true, webauthn:virtualAuthenticators: true}
Session ID: 6d15f329325a52be629170ef37d7bc18
at java.base/jdk.internal.reflect.NativeConstructorAccessorImpl.newInstance0(Native Method)
at java.base/jdk.internal.reflect.NativeConstructorAccessorImpl.newInstance(NativeConstructorAccessorImpl.java:62)
at java.base/jdk.internal.reflect.DelegatingConstructorAccessorImpl.newInstance(DelegatingConstructorAccessorImpl.java:45)
at java.base/java.lang.reflect.Constructor.newInstance(Constructor.java:490)
at org.openqa.selenium.remote.codec.w3c.W3CHttpResponseCodec.createException(W3CHttpResponseCodec.java:200)
at org.openqa.selenium.remote.codec.w3c.W3CHttpResponseCodec.decode(W3CHttpResponseCodec.java:133)
at org.openqa.selenium.remote.codec.w3c.W3CHttpResponseCodec.decode(W3CHttpResponseCodec.java:52)
at org.openqa.selenium.remote.HttpCommandExecutor.execute(HttpCommandExecutor.java:191)
at org.openqa.selenium.remote.service.DriverCommandExecutor.invokeExecute(DriverCommandExecutor.java:200)
at org.openqa.selenium.remote.service.DriverCommandExecutor.execute(DriverCommandExecutor.java:175)
at org.openqa.selenium.remote.RemoteWebDriver.execute(RemoteWebDriver.java:607)
at org.openqa.selenium.remote.ElementLocation$ElementFinder$2.findElement(ElementLocation.java:165)
at org.openqa.selenium.remote.ElementLocation.findElement(ElementLocation.java:59)
at org.openqa.selenium.remote.RemoteWebDriver.findElement(RemoteWebDriver.java:364)
at org.openqa.selenium.remote.RemoteWebDriver.findElement(RemoteWebDriver.java:358)
at pages.Product_Practice.get_Add_To_Card(Product_Practice.java:18)
at wikipedia.testsuites.PracticeTest.add_Product_To_Cart(PracticeTest.java:31)
at java.base/jdk.internal.reflect.NativeMethodAccessorImpl.invoke0(Native Method)
at java.base/jdk.internal.reflect.NativeMethodAccessorImpl.invoke(NativeMethodAccessorImpl.java:62)
at java.base/jdk.internal.reflect.DelegatingMethodAccessorImpl.invoke(DelegatingMethodAccessorImpl.java:43)
at java.base/java.lang.reflect.Method.invoke(Method.java:566)
at org.testng.internal.invokers.MethodInvocationHelper.invokeMethod(MethodInvocationHelper.java:139)
at org.testng.internal.invokers.TestInvoker.invokeMethod(TestInvoker.java:664)
at org.testng.internal.invokers.TestInvoker.invokeTestMethod(TestInvoker.java:227)
at org.testng.internal.invokers.MethodRunner.runInSequence(MethodRunner.java:50)
at org.testng.internal.invokers.TestInvoker$MethodInvocationAgent.invoke(TestInvoker.java:957)
at org.testng.internal.invokers.TestInvoker.invokeTestMethods(TestInvoker.java:200)
at org.testng.internal.invokers.TestMethodWorker.invokeTestMethods(TestMethodWorker.java:148)
at org.testng.internal.invokers.TestMethodWorker.run(TestMethodWorker.java:128)
at java.base/java.util.ArrayList.forEach(ArrayList.java:1541)
at org.testng.TestRunner.privateRun(TestRunner.java:848)
at org.testng.TestRunner.run(TestRunner.java:621)
at org.testng.SuiteRunner.runTest(SuiteRunner.java:443)
at org.testng.SuiteRunner$SuiteWorker.run(SuiteRunner.java:481)
at org.testng.internal.thread.ThreadUtil.lambda$execute$0(ThreadUtil.java:58)
at java.base/java.util.concurrent.FutureTask.run(FutureTask.java:264)
at java.base/java.util.concurrent.ThreadPoolExecutor.runWorker(ThreadPoolExecutor.java:1128)
at java.base/java.util.concurrent.ThreadPoolExecutor$Worker.run(ThreadPoolExecutor.java:628)
at java.base/java.lang.Thread.run(Thread.java:834)
]]>
            </full-stacktrace>
          </exception> <!-- org.openqa.selenium.NoSuchElementException -->
          <reporter-output>
          </reporter-output>
        </test-method> <!-- add_Product_To_Cart -->
        <test-method is-config="true" signature="beforeMethod()[pri:0, instance:wikipedia.testsuites.PracticeTest@1e461e41]" started-at="2023-12-15T23:26:53 ICT" name="beforeMethod" finished-at="2023-12-15T23:26:53 ICT" duration-ms="0" status="PASS">
          <reporter-output>
          </reporter-output>
        </test-method> <!-- beforeMethod -->
        <test-method signature="add_Product_To_Cart_Coupon()[pri:0, instance:wikipedia.testsuites.PracticeTest@1e461e41]" started-at="2023-12-15T23:26:54 ICT" name="add_Product_To_Cart_Coupon" finished-at="2023-12-15T23:26:59 ICT" duration-ms="5431" status="PASS">
          <reporter-output>
          </reporter-output>
        </test-method> <!-- add_Product_To_Cart_Coupon -->
        <test-method is-config="true" signature="afterMethod()[pri:0, instance:wikipedia.testsuites.PracticeTest@1e461e41]" started-at="2023-12-15T23:26:54 ICT" name="afterMethod" finished-at="2023-12-15T23:26:54 ICT" duration-ms="0" status="PASS">
          <reporter-output>
          </reporter-output>
        </test-method> <!-- afterMethod -->
        <test-method is-config="true" signature="beforeMethod()[pri:0, instance:wikipedia.testsuites.PracticeTest@1e461e41]" started-at="2023-12-15T23:26:54 ICT" name="beforeMethod" finished-at="2023-12-15T23:26:54 ICT" duration-ms="0" status="PASS">
          <reporter-output>
          </reporter-output>
        </test-method> <!-- beforeMethod -->
        <test-method signature="filter_Price()[pri:0, instance:wikipedia.testsuites.PracticeTest@1e461e41]" started-at="2023-12-15T23:26:59 ICT" name="filter_Price" finished-at="2023-12-15T23:27:03 ICT" duration-ms="4024" status="PASS">
          <reporter-output>
          </reporter-output>
        </test-method> <!-- filter_Price -->
        <test-method is-config="true" signature="beforeMethod()[pri:0, instance:wikipedia.testsuites.PracticeTest@1e461e41]" started-at="2023-12-15T23:26:59 ICT" name="beforeMethod" finished-at="2023-12-15T23:26:59 ICT" duration-ms="0" status="PASS">
          <reporter-output>
          </reporter-output>
        </test-method> <!-- beforeMethod -->
        <test-method is-config="true" signature="afterMethod()[pri:0, instance:wikipedia.testsuites.PracticeTest@1e461e41]" started-at="2023-12-15T23:26:59 ICT" name="afterMethod" finished-at="2023-12-15T23:26:59 ICT" duration-ms="0" status="PASS">
          <reporter-output>
          </reporter-output>
        </test-method> <!-- afterMethod -->
        <test-method signature="sorting_Products()[pri:0, instance:wikipedia.testsuites.PracticeTest@1e461e41]" started-at="2023-12-15T23:27:03 ICT" name="sorting_Products" finished-at="2023-12-15T23:27:08 ICT" duration-ms="4531" status="PASS">
          <reporter-output>
          </reporter-output>
        </test-method> <!-- sorting_Products -->
        <test-method is-config="true" signature="beforeMethod()[pri:0, instance:wikipedia.testsuites.PracticeTest@1e461e41]" started-at="2023-12-15T23:27:03 ICT" name="beforeMethod" finished-at="2023-12-15T23:27:03 ICT" duration-ms="0" status="PASS">
          <reporter-output>
          </reporter-output>
        </test-method> <!-- beforeMethod -->
        <test-method is-config="true" signature="afterMethod()[pri:0, instance:wikipedia.testsuites.PracticeTest@1e461e41]" started-at="2023-12-15T23:27:03 ICT" name="afterMethod" finished-at="2023-12-15T23:27:03 ICT" duration-ms="0" status="PASS">
          <reporter-output>
          </reporter-output>
        </test-method> <!-- afterMethod -->
        <test-method is-config="true" signature="afterMethod()[pri:0, instance:wikipedia.testsuites.PracticeTest@1e461e41]" started-at="2023-12-15T23:27:08 ICT" name="afterMethod" finished-at="2023-12-15T23:27:08 ICT" duration-ms="0" status="PASS">
          <reporter-output>
          </reporter-output>
        </test-method> <!-- afterMethod -->
        <test-method signature="sorting_Products_DataProvider(java.lang.String)[pri:0, instance:wikipedia.testsuites.PracticeTest@1e461e41]" started-at="2023-12-15T23:27:08 ICT" name="sorting_Products_DataProvider" data-provider="Oder provider" finished-at="2023-12-15T23:27:13 ICT" duration-ms="5103" status="PASS">
          <params>
            <param index="0">
              <value>
                <![CDATA[rating]]>
              </value>
            </param>
          </params>
          <reporter-output>
          </reporter-output>
        </test-method> <!-- sorting_Products_DataProvider -->
        <test-method is-config="true" signature="beforeMethod()[pri:0, instance:wikipedia.testsuites.PracticeTest@1e461e41]" started-at="2023-12-15T23:27:08 ICT" name="beforeMethod" finished-at="2023-12-15T23:27:08 ICT" duration-ms="0" status="PASS">
          <reporter-output>
          </reporter-output>
        </test-method> <!-- beforeMethod -->
        <test-method is-config="true" signature="afterMethod()[pri:0, instance:wikipedia.testsuites.PracticeTest@1e461e41]" started-at="2023-12-15T23:27:13 ICT" name="afterMethod" finished-at="2023-12-15T23:27:13 ICT" duration-ms="0" status="PASS">
          <reporter-output>
          </reporter-output>
        </test-method> <!-- afterMethod -->
        <test-method signature="sorting_Products_DataProvider(java.lang.String)[pri:0, instance:wikipedia.testsuites.PracticeTest@1e461e41]" started-at="2023-12-15T23:27:13 ICT" name="sorting_Products_DataProvider" data-provider="Oder provider" finished-at="2023-12-15T23:27:17 ICT" duration-ms="4375" status="PASS">
          <params>
            <param index="0">
              <value>
                <![CDATA[popularity]]>
              </value>
            </param>
          </params>
          <reporter-output>
          </reporter-output>
        </test-method> <!-- sorting_Products_DataProvider -->
        <test-method is-config="true" signature="beforeMethod()[pri:0, instance:wikipedia.testsuites.PracticeTest@1e461e41]" started-at="2023-12-15T23:27:13 ICT" name="beforeMethod" finished-at="2023-12-15T23:27:13 ICT" duration-ms="0" status="PASS">
          <reporter-output>
          </reporter-output>
        </test-method> <!-- beforeMethod -->
        <test-method signature="sorting_Products_DataProvider(java.lang.String)[pri:0, instance:wikipedia.testsuites.PracticeTest@1e461e41]" started-at="2023-12-15T23:27:17 ICT" name="sorting_Products_DataProvider" data-provider="Oder provider" finished-at="2023-12-15T23:27:21 ICT" duration-ms="4473" status="PASS">
          <params>
            <param index="0">
              <value>
                <![CDATA[price-desc]]>
              </value>
            </param>
          </params>
          <reporter-output>
          </reporter-output>
        </test-method> <!-- sorting_Products_DataProvider -->
        <test-method is-config="true" signature="beforeMethod()[pri:0, instance:wikipedia.testsuites.PracticeTest@1e461e41]" started-at="2023-12-15T23:27:17 ICT" name="beforeMethod" finished-at="2023-12-15T23:27:17 ICT" duration-ms="0" status="PASS">
          <reporter-output>
          </reporter-output>
        </test-method> <!-- beforeMethod -->
        <test-method is-config="true" signature="afterMethod()[pri:0, instance:wikipedia.testsuites.PracticeTest@1e461e41]" started-at="2023-12-15T23:27:17 ICT" name="afterMethod" finished-at="2023-12-15T23:27:17 ICT" duration-ms="0" status="PASS">
          <reporter-output>
          </reporter-output>
        </test-method> <!-- afterMethod -->
        <test-method is-config="true" signature="afterMethod()[pri:0, instance:wikipedia.testsuites.PracticeTest@1e461e41]" started-at="2023-12-15T23:27:21 ICT" name="afterMethod" finished-at="2023-12-15T23:27:21 ICT" duration-ms="0" status="PASS">
          <reporter-output>
          </reporter-output>
        </test-method> <!-- afterMethod -->
        <test-method is-config="true" signature="afterCalss()[pri:0, instance:wikipedia.testsuites.PracticeTest@1e461e41]" started-at="2023-12-15T23:27:21 ICT" name="afterCalss" finished-at="2023-12-15T23:27:21 ICT" duration-ms="0" status="PASS">
          <reporter-output>
          </reporter-output>
        </test-method> <!-- afterCalss -->
        <test-method is-config="true" signature="tearDown()[pri:0, instance:wikipedia.testsuites.PracticeTest@1e461e41]" started-at="2023-12-15T23:27:21 ICT" name="tearDown" finished-at="2023-12-15T23:27:22 ICT" duration-ms="134" status="PASS">
          <reporter-output>
          </reporter-output>
        </test-method> <!-- tearDown -->
      </class> <!-- wikipedia.testsuites.PracticeTest -->
    </test> <!-- Practice Auto in AT.in -->
  </suite> <!-- Suite 2 -->
</testng-results>
